{"uid":"408f97b096df91af","name":"Проверка суммирования добавленных товаров в корзине: добавление 3 товаров","fullName":"ru.pflb.tests.BasketPageTests.shouldCalculateTotalSumCorrectly","historyId":"b113c41eb4a4d4c6f31e8a5cc4ebc88e","time":{"start":1761593567009,"stop":1761593622646,"duration":55637},"description":"","status":"failed","statusMessage":"Invalid element state [By.xpath: //h3[text()='Лучшие предложения']/ancestor::section//div[@data-meta-name='ProductsCompilation__slide'][.//span[@data-meta-price]][0]/By.xpath: .//button[@data-meta-name='Snippet__cart-button']]: element click intercepted: Element <button class=\"e11203e30 app-catalog-1m0gw4x-Button--StyledButton-Button--Button ekx3zbi0\" data-meta-name=\"Snippet__cart-button\" data-meta-disabled=\"false\" type=\"button\" title=\"\">...</button> is not clickable at point (493, 973). Other element would receive the click: <div class=\"fresnel-container fresnel-greaterThanOrEqual-tabletP \">...</div>\nScreenshot: file:/home/runner/work/IDP_Framework/IDP_Framework/ui-tests/build/allure-results/1761593621253.3.png\nPage source: file:/home/runner/work/IDP_Framework/IDP_Framework/ui-tests/build/allure-results/1761593621253.3.html\nTimeout: 10 s.\nCaused by: ElementClickInterceptedException: element click intercepted: Element <button class=\"e11203e30 app-catalog-1m0gw4x-Button--StyledButton-Button--Button ekx3zbi0\" data-meta-name=\"Snippet__cart-button\" data-meta-disabled=\"false\" type=\"button\" title=\"\">...</button> is not clickable at point (493, 973). Other element would receive the click: <div class=\"fresnel-container fresnel-greaterThanOrEqual-tabletP \">...</div>","statusTrace":"Invalid element state [By.xpath: //h3[text()='Лучшие предложения']/ancestor::section//div[@data-meta-name='ProductsCompilation__slide'][.//span[@data-meta-price]][0]/By.xpath: .//button[@data-meta-name='Snippet__cart-button']]: element click intercepted: Element <button class=\"e11203e30 app-catalog-1m0gw4x-Button--StyledButton-Button--Button ekx3zbi0\" data-meta-name=\"Snippet__cart-button\" data-meta-disabled=\"false\" type=\"button\" title=\"\">...</button> is not clickable at point (493, 973). Other element would receive the click: <div class=\"fresnel-container fresnel-greaterThanOrEqual-tabletP \">...</div>\nScreenshot: file:/home/runner/work/IDP_Framework/IDP_Framework/ui-tests/build/allure-results/1761593621253.3.png\nPage source: file:/home/runner/work/IDP_Framework/IDP_Framework/ui-tests/build/allure-results/1761593621253.3.html\nTimeout: 10 s.\nCaused by: ElementClickInterceptedException: element click intercepted: Element <button class=\"e11203e30 app-catalog-1m0gw4x-Button--StyledButton-Button--Button ekx3zbi0\" data-meta-name=\"Snippet__cart-button\" data-meta-disabled=\"false\" type=\"button\" title=\"\">...</button> is not clickable at point (493, 973). Other element would receive the click: <div class=\"fresnel-container fresnel-greaterThanOrEqual-tabletP \">...</div>\n\tat com.codeborne.selenide.impl.ExceptionWrapper.wrap(ExceptionWrapper.java:19)\n\tat com.codeborne.selenide.impl.SelenideElementProxy.dispatchAndRetry(SelenideElementProxy.java:153)\n\tat com.codeborne.selenide.impl.SelenideElementProxy.invoke(SelenideElementProxy.java:83)\n\tat jdk.proxy2/jdk.proxy2.$Proxy21.click(Unknown Source)\n\tat ru.pflb.pages.CitilnkMainPage.addItemOfBestProductInBasket(CitilnkMainPage.java:64)\n\tat ru.pflb.pages.CitilnkMainPage.addProductsInBasket(CitilnkMainPage.java:81)\n\tat ru.pflb.tests.BasketPageTests.shouldCalculateTotalSumCorrectly(BasketPageTests.java:54)\n\tat java.base/jdk.internal.reflect.DirectMethodHandleAccessor.invoke(DirectMethodHandleAccessor.java:103)\n\tat java.base/java.lang.reflect.Method.invoke(Method.java:580)\n\tat org.junit.platform.commons.util.ReflectionUtils.invokeMethod(ReflectionUtils.java:728)\n\tat org.junit.jupiter.engine.execution.MethodInvocation.proceed(MethodInvocation.java:60)\n\tat org.junit.jupiter.engine.execution.InvocationInterceptorChain$ValidatingInvocation.proceed(InvocationInterceptorChain.java:131)\n\tat org.junit.jupiter.engine.extension.TimeoutExtension.intercept(TimeoutExtension.java:156)\n\tat org.junit.jupiter.engine.extension.TimeoutExtension.interceptTestableMethod(TimeoutExtension.java:147)\n\tat org.junit.jupiter.engine.extension.TimeoutExtension.interceptTestTemplateMethod(TimeoutExtension.java:94)\n\tat org.junit.jupiter.engine.execution.InterceptingExecutableInvoker$ReflectiveInterceptorCall.lambda$ofVoidMethod$0(InterceptingExecutableInvoker.java:103)\n\tat org.junit.jupiter.engine.execution.InterceptingExecutableInvoker.lambda$invoke$0(InterceptingExecutableInvoker.java:93)\n\tat org.junit.jupiter.engine.execution.InvocationInterceptorChain$InterceptedInvocation.proceed(InvocationInterceptorChain.java:106)\n\tat org.junit.jupiter.engine.execution.InvocationInterceptorChain.proceed(InvocationInterceptorChain.java:64)\n\tat org.junit.jupiter.engine.execution.InvocationInterceptorChain.chainAndInvoke(InvocationInterceptorChain.java:45)\n\tat org.junit.jupiter.engine.execution.InvocationInterceptorChain.invoke(InvocationInterceptorChain.java:37)\n\tat org.junit.jupiter.engine.execution.InterceptingExecutableInvoker.invoke(InterceptingExecutableInvoker.java:92)\n\tat org.junit.jupiter.engine.execution.InterceptingExecutableInvoker.invoke(InterceptingExecutableInvoker.java:86)\n\tat org.junit.jupiter.engine.descriptor.TestMethodTestDescriptor.lambda$invokeTestMethod$7(TestMethodTestDescriptor.java:218)\n\tat org.junit.platform.engine.support.hierarchical.ThrowableCollector.execute(ThrowableCollector.java:73)\n\tat org.junit.jupiter.engine.descriptor.TestMethodTestDescriptor.invokeTestMethod(TestMethodTestDescriptor.java:214)\n\tat org.junit.jupiter.engine.descriptor.TestMethodTestDescriptor.execute(TestMethodTestDescriptor.java:139)\n\tat org.junit.jupiter.engine.descriptor.TestMethodTestDescriptor.execute(TestMethodTestDescriptor.java:69)\n\tat org.junit.platform.engine.support.hierarchical.NodeTestTask.lambda$executeRecursively$6(NodeTestTask.java:151)\n\tat org.junit.platform.engine.support.hierarchical.ThrowableCollector.execute(ThrowableCollector.java:73)\n\tat org.junit.platform.engine.support.hierarchical.NodeTestTask.lambda$executeRecursively$8(NodeTestTask.java:141)\n\tat org.junit.platform.engine.support.hierarchical.Node.around(Node.java:137)\n\tat org.junit.platform.engine.support.hierarchical.NodeTestTask.lambda$executeRecursively$9(NodeTestTask.java:139)\n\tat org.junit.platform.engine.support.hierarchical.ThrowableCollector.execute(ThrowableCollector.java:73)\n\tat org.junit.platform.engine.support.hierarchical.NodeTestTask.executeRecursively(NodeTestTask.java:138)\n\tat org.junit.platform.engine.support.hierarchical.NodeTestTask.execute(NodeTestTask.java:95)\n\tat org.junit.platform.engine.support.hierarchical.ForkJoinPoolHierarchicalTestExecutorService$ExclusiveTask.compute(ForkJoinPoolHierarchicalTestExecutorService.java:202)\n\tat java.base/java.util.concurrent.RecursiveAction.exec(RecursiveAction.java:194)\n\tat java.base/java.util.concurrent.ForkJoinTask.doExec(ForkJoinTask.java:507)\n\tat java.base/java.util.concurrent.ForkJoinPool$WorkQueue.tryRemoveAndExec(ForkJoinPool.java:1532)\n\tat java.base/java.util.concurrent.ForkJoinPool.helpJoin(ForkJoinPool.java:2267)\n\tat java.base/java.util.concurrent.ForkJoinTask.awaitDone(ForkJoinTask.java:495)\n\tat java.base/java.util.concurrent.ForkJoinTask.get(ForkJoinTask.java:1003)\n\tat org.junit.platform.engine.support.hierarchical.NodeTestTask$DefaultDynamicTestExecutor.awaitFinished(NodeTestTask.java:236)\n\tat org.junit.platform.engine.support.hierarchical.ThrowableCollector.execute(ThrowableCollector.java:73)\n\tat org.junit.platform.engine.support.hierarchical.NodeTestTask.lambda$executeRecursively$6(NodeTestTask.java:158)\n\tat org.junit.platform.engine.support.hierarchical.ThrowableCollector.execute(ThrowableCollector.java:73)\n\tat org.junit.platform.engine.support.hierarchical.NodeTestTask.lambda$executeRecursively$8(NodeTestTask.java:141)\n\tat org.junit.platform.engine.support.hierarchical.Node.around(Node.java:137)\n\tat org.junit.platform.engine.support.hierarchical.NodeTestTask.lambda$executeRecursively$9(NodeTestTask.java:139)\n\tat org.junit.platform.engine.support.hierarchical.ThrowableCollector.execute(ThrowableCollector.java:73)\n\tat org.junit.platform.engine.support.hierarchical.NodeTestTask.executeRecursively(NodeTestTask.java:138)\n\tat org.junit.platform.engine.support.hierarchical.NodeTestTask.execute(NodeTestTask.java:95)\n\tat org.junit.platform.engine.support.hierarchical.ForkJoinPoolHierarchicalTestExecutorService$ExclusiveTask.compute(ForkJoinPoolHierarchicalTestExecutorService.java:202)\n\tat java.base/java.util.concurrent.RecursiveAction.exec(RecursiveAction.java:194)\n\tat java.base/java.util.concurrent.ForkJoinTask.doExec(ForkJoinTask.java:507)\n\tat java.base/java.util.concurrent.ForkJoinPool$WorkQueue.topLevelExec(ForkJoinPool.java:1489)\n\tat java.base/java.util.concurrent.ForkJoinPool.scan(ForkJoinPool.java:2071)\n\tat java.base/java.util.concurrent.ForkJoinPool.runWorker(ForkJoinPool.java:2033)\n\tat java.base/java.util.concurrent.ForkJoinWorkerThread.run(ForkJoinWorkerThread.java:187)\nCaused by: org.openqa.selenium.ElementClickInterceptedException: element click intercepted: Element <button class=\"e11203e30 app-catalog-1m0gw4x-Button--StyledButton-Button--Button ekx3zbi0\" data-meta-name=\"Snippet__cart-button\" data-meta-disabled=\"false\" type=\"button\" title=\"\">...</button> is not clickable at point (493, 973). Other element would receive the click: <div class=\"fresnel-container fresnel-greaterThanOrEqual-tabletP \">...</div>\n  (Session info: chrome=140.0.7339.207)\nBuild info: version: '4.28.0', revision: 'ac342546e9'\nSystem info: os.name: 'Linux', os.arch: 'amd64', os.version: '6.11.0-1018-azure', java.version: '22.0.2'\nDriver info: org.openqa.selenium.chrome.ChromeDriver\nCommand: [7e955c0aca4c7614311c3d24b7180336, clickElement {id=f.EFE4FE924DF627791A58F5687002AA29.d.473E96B2A16472585D4AD87CBA566506.e.48}]\nCapabilities {acceptInsecureCerts: true, browserName: chrome, browserVersion: 140.0.7339.207, chrome: {chromedriverVersion: 140.0.7339.207 (17230b545fd..., userDataDir: /tmp/.org.chromium.Chromium...}, fedcm:accounts: true, goog:chromeOptions: {debuggerAddress: localhost:42789}, networkConnectionEnabled: false, pageLoadStrategy: none, platformName: linux, proxy: Proxy(), se:cdp: ws://localhost:42789/devtoo..., se:cdpVersion: 140.0.7339.207, setWindowRect: true, strictFileInteractability: false, timeouts: {implicit: 0, pageLoad: 300000, script: 30000}, unhandledPromptBehavior: accept, webauthn:extension:credBlob: true, webauthn:extension:largeBlob: true, webauthn:extension:minPinLength: true, webauthn:extension:prf: true, webauthn:virtualAuthenticators: true}\nElement: [[[[ChromeDriver: chrome on linux (7e955c0aca4c7614311c3d24b7180336)] -> xpath: //h3[text()='Лучшие предложения']/ancestor::section//div[@data-meta-name='ProductsCompilation__slide'][.//span[@data-meta-price]]]] -> xpath: .//button[@data-meta-name='Snippet__cart-button']]\nSession ID: 7e955c0aca4c7614311c3d24b7180336\n\tat java.base/jdk.internal.reflect.DirectConstructorHandleAccessor.newInstance(DirectConstructorHandleAccessor.java:62)\n\tat java.base/java.lang.reflect.Constructor.newInstanceWithCaller(Constructor.java:502)\n\tat java.base/java.lang.reflect.Constructor.newInstance(Constructor.java:486)\n\tat org.openqa.selenium.remote.ErrorCodec.decode(ErrorCodec.java:167)\n\tat org.openqa.selenium.remote.codec.w3c.W3CHttpResponseCodec.decode(W3CHttpResponseCodec.java:138)\n\tat org.openqa.selenium.remote.codec.w3c.W3CHttpResponseCodec.decode(W3CHttpResponseCodec.java:50)\n\tat org.openqa.selenium.remote.HttpCommandExecutor.execute(HttpCommandExecutor.java:215)\n\tat org.openqa.selenium.remote.service.DriverCommandExecutor.invokeExecute(DriverCommandExecutor.java:216)\n\tat org.openqa.selenium.remote.service.DriverCommandExecutor.execute(DriverCommandExecutor.java:174)\n\tat org.openqa.selenium.remote.RemoteWebDriver.execute(RemoteWebDriver.java:545)\n\tat org.openqa.selenium.remote.RemoteWebElement.execute(RemoteWebElement.java:223)\n\tat org.openqa.selenium.remote.RemoteWebElement.click(RemoteWebElement.java:76)\n\tat com.codeborne.selenide.commands.Click.defaultClick(Click.java:94)\n\tat com.codeborne.selenide.commands.Click.doClick(Click.java:72)\n\tat com.codeborne.selenide.commands.Click.click(Click.java:48)\n\tat com.codeborne.selenide.commands.Click.execute(Click.java:28)\n\tat com.codeborne.selenide.FluentCommand.execute(FluentCommand.java:27)\n\tat com.codeborne.selenide.FluentCommand.execute(FluentCommand.java:19)\n\tat com.codeborne.selenide.commands.Commands.execute(Commands.java:160)\n\tat com.codeborne.selenide.impl.SelenideElementProxy.dispatchAndRetry(SelenideElementProxy.java:131)\n\t... 58 more\n","flaky":false,"newFailed":true,"newBroken":false,"newPassed":false,"retriesCount":0,"retriesStatusChange":false,"beforeStages":[],"afterStages":[],"labels":[{"name":"tag","value":"ui"},{"name":"tag","value":"basketPage"},{"name":"junit.platform.uniqueid","value":"[engine:junit-jupiter]/[class:ru.pflb.tests.BasketPageTests]/[test-template:shouldCalculateTotalSumCorrectly(int)]/[test-template-invocation:#1]"},{"name":"epic","value":"UI тесты"},{"name":"feature","value":"Корзина пользователя"},{"name":"host","value":"runnervmwhb2z"},{"name":"thread","value":"2685@runnervmwhb2z.ForkJoinPool-1-worker-10(89)"},{"name":"framework","value":"junit-platform"},{"name":"language","value":"java"},{"name":"package","value":"ru.pflb.tests.BasketPageTests"},{"name":"testClass","value":"ru.pflb.tests.BasketPageTests"},{"name":"testMethod","value":"shouldCalculateTotalSumCorrectly"},{"name":"suite","value":"ru.pflb.tests.BasketPageTests"},{"name":"resultFormat","value":"allure2"}],"parameters":[],"links":[],"hidden":false,"retry":false,"extra":{"severity":"normal","retries":[],"categories":[{"name":"Product defects","matchedStatuses":[],"flaky":false}],"history":{"statistic":{"failed":1,"broken":2,"skipped":0,"passed":0,"unknown":0,"total":3},"items":[{"uid":"62d3c434f966ee58","reportUrl":"https://AdraliK.github.io/IDP_Framework/3//#testresult/62d3c434f966ee58","status":"broken","statusDetails":"Unable to obtain: chromedriver, error chromedriver must be executable: /home/runner/work/IDP_Framework/IDP_Framework/ui-tests/src/main/resources/drivers/chromedriver_141_lin\nFor documentation on this error, please visit: https://www.selenium.dev/documentation/webdriver/troubleshooting/errors/driver_location/\nBuild info: version: '4.28.0', revision: 'ac342546e9'\nSystem info: os.name: 'Linux', os.arch: 'amd64', os.version: '6.11.0-1018-azure', java.version: '22.0.2'\nDriver info: driver.version: SelenideDriver\nselenide.url: https://www.citilink.ru\nselenide.baseUrl: http://localhost:8080","time":{"start":1761592499411,"stop":1761592499425,"duration":14}},{"uid":"548e6b6ec9084d75","reportUrl":"https://AdraliK.github.io/IDP_Framework/2//#testresult/548e6b6ec9084d75","status":"broken","statusDetails":"Unable to obtain: chromedriver, error chromedriver must be executable: /home/runner/work/IDP_Framework/IDP_Framework/ui-tests/src/main/resources/drivers/chromedriver.exe\nFor documentation on this error, please visit: https://www.selenium.dev/documentation/webdriver/troubleshooting/errors/driver_location/\nBuild info: version: '4.28.0', revision: 'ac342546e9'\nSystem info: os.name: 'Linux', os.arch: 'amd64', os.version: '6.11.0-1018-azure', java.version: '22.0.2'\nDriver info: driver.version: SelenideDriver\nselenide.url: https://www.citilink.ru\nselenide.baseUrl: http://localhost:8080","time":{"start":1761589868690,"stop":1761589868711,"duration":21}}]},"tags":["ui","basketPage"]},"source":"408f97b096df91af.json","parameterValues":[]}