{"uid":"d46e319059690d1f","name":"Проверка корректности содержимого корзины: добавление 3 товаров","fullName":"ru.pflb.tests.BasketPageTests.shouldContainExactlySelectedProducts","historyId":"e5f402f89e1ef3ebaa48654ce8c5b66d","time":{"start":1761921140856,"stop":1761921183526,"duration":42670},"description":"","status":"failed","statusMessage":"Invalid element state [By.xpath: //h3[text()='Лучшие предложения']/ancestor::section//div[@data-meta-name='ProductsCompilation__slide'][.//span[@data-meta-price]][0]/By.xpath: .//button[@data-meta-name='Snippet__cart-button']]: element click intercepted: Element <button class=\"e11203e30 app-catalog-1m0gw4x-Button--StyledButton-Button--Button ekx3zbi0\" data-meta-name=\"Snippet__cart-button\" data-meta-disabled=\"false\" type=\"button\" title=\"\">...</button> is not clickable at point (493, 973). Other element would receive the click: <div class=\"fresnel-container fresnel-greaterThanOrEqual-tabletP \">...</div>\nScreenshot: file:/home/runner/work/IDP_Framework/IDP_Framework/ui-tests/build/allure-results/1761921183139.0.png\nTimeout: 30 s.\nCaused by: ElementClickInterceptedException: element click intercepted: Element <button class=\"e11203e30 app-catalog-1m0gw4x-Button--StyledButton-Button--Button ekx3zbi0\" data-meta-name=\"Snippet__cart-button\" data-meta-disabled=\"false\" type=\"button\" title=\"\">...</button> is not clickable at point (493, 973). Other element would receive the click: <div class=\"fresnel-container fresnel-greaterThanOrEqual-tabletP \">...</div>","statusTrace":"Invalid element state [By.xpath: //h3[text()='Лучшие предложения']/ancestor::section//div[@data-meta-name='ProductsCompilation__slide'][.//span[@data-meta-price]][0]/By.xpath: .//button[@data-meta-name='Snippet__cart-button']]: element click intercepted: Element <button class=\"e11203e30 app-catalog-1m0gw4x-Button--StyledButton-Button--Button ekx3zbi0\" data-meta-name=\"Snippet__cart-button\" data-meta-disabled=\"false\" type=\"button\" title=\"\">...</button> is not clickable at point (493, 973). Other element would receive the click: <div class=\"fresnel-container fresnel-greaterThanOrEqual-tabletP \">...</div>\nScreenshot: file:/home/runner/work/IDP_Framework/IDP_Framework/ui-tests/build/allure-results/1761921183139.0.png\nTimeout: 30 s.\nCaused by: ElementClickInterceptedException: element click intercepted: Element <button class=\"e11203e30 app-catalog-1m0gw4x-Button--StyledButton-Button--Button ekx3zbi0\" data-meta-name=\"Snippet__cart-button\" data-meta-disabled=\"false\" type=\"button\" title=\"\">...</button> is not clickable at point (493, 973). Other element would receive the click: <div class=\"fresnel-container fresnel-greaterThanOrEqual-tabletP \">...</div>\n\tat com.codeborne.selenide.impl.ExceptionWrapper.wrap(ExceptionWrapper.java:19)\n\tat com.codeborne.selenide.impl.SelenideElementProxy.dispatchAndRetry(SelenideElementProxy.java:153)\n\tat com.codeborne.selenide.impl.SelenideElementProxy.invoke(SelenideElementProxy.java:83)\n\tat jdk.proxy2/jdk.proxy2.$Proxy21.click(Unknown Source)\n\tat ru.pflb.pages.CitilnkMainPage.addItemOfBestProductInBasket(CitilnkMainPage.java:64)\n\tat ru.pflb.pages.CitilnkMainPage.addProductsInBasketAndGetData(CitilnkMainPage.java:87)\n\tat ru.pflb.tests.BasketPageTests.shouldContainExactlySelectedProducts(BasketPageTests.java:70)\n\tat java.base/jdk.internal.reflect.DirectMethodHandleAccessor.invoke(DirectMethodHandleAccessor.java:103)\n\tat java.base/java.lang.reflect.Method.invoke(Method.java:580)\n\tat org.junit.platform.commons.util.ReflectionUtils.invokeMethod(ReflectionUtils.java:728)\n\tat org.junit.jupiter.engine.execution.MethodInvocation.proceed(MethodInvocation.java:60)\n\tat org.junit.jupiter.engine.execution.InvocationInterceptorChain$ValidatingInvocation.proceed(InvocationInterceptorChain.java:131)\n\tat org.junit.jupiter.engine.extension.TimeoutExtension.intercept(TimeoutExtension.java:156)\n\tat org.junit.jupiter.engine.extension.TimeoutExtension.interceptTestableMethod(TimeoutExtension.java:147)\n\tat org.junit.jupiter.engine.extension.TimeoutExtension.interceptTestTemplateMethod(TimeoutExtension.java:94)\n\tat org.junit.jupiter.engine.execution.InterceptingExecutableInvoker$ReflectiveInterceptorCall.lambda$ofVoidMethod$0(InterceptingExecutableInvoker.java:103)\n\tat org.junit.jupiter.engine.execution.InterceptingExecutableInvoker.lambda$invoke$0(InterceptingExecutableInvoker.java:93)\n\tat org.junit.jupiter.engine.execution.InvocationInterceptorChain$InterceptedInvocation.proceed(InvocationInterceptorChain.java:106)\n\tat org.junit.jupiter.engine.execution.InvocationInterceptorChain.proceed(InvocationInterceptorChain.java:64)\n\tat org.junit.jupiter.engine.execution.InvocationInterceptorChain.chainAndInvoke(InvocationInterceptorChain.java:45)\n\tat org.junit.jupiter.engine.execution.InvocationInterceptorChain.invoke(InvocationInterceptorChain.java:37)\n\tat org.junit.jupiter.engine.execution.InterceptingExecutableInvoker.invoke(InterceptingExecutableInvoker.java:92)\n\tat org.junit.jupiter.engine.execution.InterceptingExecutableInvoker.invoke(InterceptingExecutableInvoker.java:86)\n\tat org.junit.jupiter.engine.descriptor.TestMethodTestDescriptor.lambda$invokeTestMethod$7(TestMethodTestDescriptor.java:218)\n\tat org.junit.platform.engine.support.hierarchical.ThrowableCollector.execute(ThrowableCollector.java:73)\n\tat org.junit.jupiter.engine.descriptor.TestMethodTestDescriptor.invokeTestMethod(TestMethodTestDescriptor.java:214)\n\tat org.junit.jupiter.engine.descriptor.TestMethodTestDescriptor.execute(TestMethodTestDescriptor.java:139)\n\tat org.junit.jupiter.engine.descriptor.TestMethodTestDescriptor.execute(TestMethodTestDescriptor.java:69)\n\tat org.junit.platform.engine.support.hierarchical.NodeTestTask.lambda$executeRecursively$6(NodeTestTask.java:151)\n\tat org.junit.platform.engine.support.hierarchical.ThrowableCollector.execute(ThrowableCollector.java:73)\n\tat org.junit.platform.engine.support.hierarchical.NodeTestTask.lambda$executeRecursively$8(NodeTestTask.java:141)\n\tat org.junit.platform.engine.support.hierarchical.Node.around(Node.java:137)\n\tat org.junit.platform.engine.support.hierarchical.NodeTestTask.lambda$executeRecursively$9(NodeTestTask.java:139)\n\tat org.junit.platform.engine.support.hierarchical.ThrowableCollector.execute(ThrowableCollector.java:73)\n\tat org.junit.platform.engine.support.hierarchical.NodeTestTask.executeRecursively(NodeTestTask.java:138)\n\tat org.junit.platform.engine.support.hierarchical.NodeTestTask.execute(NodeTestTask.java:95)\n\tat org.junit.platform.engine.support.hierarchical.ForkJoinPoolHierarchicalTestExecutorService$ExclusiveTask.compute(ForkJoinPoolHierarchicalTestExecutorService.java:202)\n\tat java.base/java.util.concurrent.RecursiveAction.exec(RecursiveAction.java:194)\n\tat java.base/java.util.concurrent.ForkJoinTask.doExec(ForkJoinTask.java:507)\n\tat java.base/java.util.concurrent.ForkJoinPool$WorkQueue.tryRemoveAndExec(ForkJoinPool.java:1532)\n\tat java.base/java.util.concurrent.ForkJoinPool.helpJoin(ForkJoinPool.java:2267)\n\tat java.base/java.util.concurrent.ForkJoinTask.awaitDone(ForkJoinTask.java:495)\n\tat java.base/java.util.concurrent.ForkJoinTask.get(ForkJoinTask.java:1003)\n\tat org.junit.platform.engine.support.hierarchical.NodeTestTask$DefaultDynamicTestExecutor.awaitFinished(NodeTestTask.java:236)\n\tat org.junit.platform.engine.support.hierarchical.ThrowableCollector.execute(ThrowableCollector.java:73)\n\tat org.junit.platform.engine.support.hierarchical.NodeTestTask.lambda$executeRecursively$6(NodeTestTask.java:158)\n\tat org.junit.platform.engine.support.hierarchical.ThrowableCollector.execute(ThrowableCollector.java:73)\n\tat org.junit.platform.engine.support.hierarchical.NodeTestTask.lambda$executeRecursively$8(NodeTestTask.java:141)\n\tat org.junit.platform.engine.support.hierarchical.Node.around(Node.java:137)\n\tat org.junit.platform.engine.support.hierarchical.NodeTestTask.lambda$executeRecursively$9(NodeTestTask.java:139)\n\tat org.junit.platform.engine.support.hierarchical.ThrowableCollector.execute(ThrowableCollector.java:73)\n\tat org.junit.platform.engine.support.hierarchical.NodeTestTask.executeRecursively(NodeTestTask.java:138)\n\tat org.junit.platform.engine.support.hierarchical.NodeTestTask.execute(NodeTestTask.java:95)\n\tat org.junit.platform.engine.support.hierarchical.ForkJoinPoolHierarchicalTestExecutorService$ExclusiveTask.compute(ForkJoinPoolHierarchicalTestExecutorService.java:202)\n\tat java.base/java.util.concurrent.RecursiveAction.exec(RecursiveAction.java:194)\n\tat java.base/java.util.concurrent.ForkJoinTask.doExec(ForkJoinTask.java:507)\n\tat java.base/java.util.concurrent.ForkJoinPool$WorkQueue.topLevelExec(ForkJoinPool.java:1489)\n\tat java.base/java.util.concurrent.ForkJoinPool.scan(ForkJoinPool.java:2071)\n\tat java.base/java.util.concurrent.ForkJoinPool.runWorker(ForkJoinPool.java:2033)\n\tat java.base/java.util.concurrent.ForkJoinWorkerThread.run(ForkJoinWorkerThread.java:187)\nCaused by: org.openqa.selenium.ElementClickInterceptedException: element click intercepted: Element <button class=\"e11203e30 app-catalog-1m0gw4x-Button--StyledButton-Button--Button ekx3zbi0\" data-meta-name=\"Snippet__cart-button\" data-meta-disabled=\"false\" type=\"button\" title=\"\">...</button> is not clickable at point (493, 973). Other element would receive the click: <div class=\"fresnel-container fresnel-greaterThanOrEqual-tabletP \">...</div>\n  (Session info: chrome=142.0.7444.59)\nBuild info: version: '4.28.0', revision: 'ac342546e9'\nSystem info: os.name: 'Linux', os.arch: 'amd64', os.version: '6.11.0-1018-azure', java.version: '22.0.2'\nDriver info: org.openqa.selenium.chrome.ChromeDriver\nCommand: [b8586fc16465d2faae1ce42bee9a43b7, clickElement {id=f.88E35B665C0B94EADEFF64A0F021CCC1.d.96A9A92A104DED428294F84026137995.e.46}]\nCapabilities {acceptInsecureCerts: true, browserName: chrome, browserVersion: 142.0.7444.59, chrome: {chromedriverVersion: 142.0.7444.59 (4b8153ab58d3..., userDataDir: /tmp/.org.chromium.Chromium...}, fedcm:accounts: true, goog:chromeOptions: {debuggerAddress: localhost:35169}, goog:processID: 3794, networkConnectionEnabled: false, pageLoadStrategy: eager, platformName: linux, proxy: Proxy(), se:cdp: ws://localhost:35169/devtoo..., se:cdpVersion: 142.0.7444.59, setWindowRect: true, strictFileInteractability: false, timeouts: {implicit: 0, pageLoad: 300000, script: 30000}, unhandledPromptBehavior: accept, webauthn:extension:credBlob: true, webauthn:extension:largeBlob: true, webauthn:extension:minPinLength: true, webauthn:extension:prf: true, webauthn:virtualAuthenticators: true}\nElement: [[[[ChromeDriver: chrome on linux (b8586fc16465d2faae1ce42bee9a43b7)] -> xpath: //h3[text()='Лучшие предложения']/ancestor::section//div[@data-meta-name='ProductsCompilation__slide'][.//span[@data-meta-price]]]] -> xpath: .//button[@data-meta-name='Snippet__cart-button']]\nSession ID: b8586fc16465d2faae1ce42bee9a43b7\n\tat java.base/jdk.internal.reflect.DirectConstructorHandleAccessor.newInstance(DirectConstructorHandleAccessor.java:62)\n\tat java.base/java.lang.reflect.Constructor.newInstanceWithCaller(Constructor.java:502)\n\tat java.base/java.lang.reflect.Constructor.newInstance(Constructor.java:486)\n\tat org.openqa.selenium.remote.ErrorCodec.decode(ErrorCodec.java:167)\n\tat org.openqa.selenium.remote.codec.w3c.W3CHttpResponseCodec.decode(W3CHttpResponseCodec.java:138)\n\tat org.openqa.selenium.remote.codec.w3c.W3CHttpResponseCodec.decode(W3CHttpResponseCodec.java:50)\n\tat org.openqa.selenium.remote.HttpCommandExecutor.execute(HttpCommandExecutor.java:215)\n\tat org.openqa.selenium.remote.service.DriverCommandExecutor.invokeExecute(DriverCommandExecutor.java:216)\n\tat org.openqa.selenium.remote.service.DriverCommandExecutor.execute(DriverCommandExecutor.java:174)\n\tat org.openqa.selenium.remote.RemoteWebDriver.execute(RemoteWebDriver.java:545)\n\tat org.openqa.selenium.remote.RemoteWebElement.execute(RemoteWebElement.java:223)\n\tat org.openqa.selenium.remote.RemoteWebElement.click(RemoteWebElement.java:76)\n\tat com.codeborne.selenide.commands.Click.defaultClick(Click.java:94)\n\tat com.codeborne.selenide.commands.Click.doClick(Click.java:72)\n\tat com.codeborne.selenide.commands.Click.click(Click.java:48)\n\tat com.codeborne.selenide.commands.Click.execute(Click.java:28)\n\tat com.codeborne.selenide.FluentCommand.execute(FluentCommand.java:27)\n\tat com.codeborne.selenide.FluentCommand.execute(FluentCommand.java:19)\n\tat com.codeborne.selenide.commands.Commands.execute(Commands.java:160)\n\tat com.codeborne.selenide.impl.SelenideElementProxy.dispatchAndRetry(SelenideElementProxy.java:131)\n\t... 58 more\n","flaky":true,"newFailed":true,"newBroken":false,"newPassed":false,"retriesCount":0,"retriesStatusChange":false,"beforeStages":[],"testStage":{"description":"","status":"failed","statusMessage":"Invalid element state [By.xpath: //h3[text()='Лучшие предложения']/ancestor::section//div[@data-meta-name='ProductsCompilation__slide'][.//span[@data-meta-price]][0]/By.xpath: .//button[@data-meta-name='Snippet__cart-button']]: element click intercepted: Element <button class=\"e11203e30 app-catalog-1m0gw4x-Button--StyledButton-Button--Button ekx3zbi0\" data-meta-name=\"Snippet__cart-button\" data-meta-disabled=\"false\" type=\"button\" title=\"\">...</button> is not clickable at point (493, 973). Other element would receive the click: <div class=\"fresnel-container fresnel-greaterThanOrEqual-tabletP \">...</div>\nScreenshot: file:/home/runner/work/IDP_Framework/IDP_Framework/ui-tests/build/allure-results/1761921183139.0.png\nTimeout: 30 s.\nCaused by: ElementClickInterceptedException: element click intercepted: Element <button class=\"e11203e30 app-catalog-1m0gw4x-Button--StyledButton-Button--Button ekx3zbi0\" data-meta-name=\"Snippet__cart-button\" data-meta-disabled=\"false\" type=\"button\" title=\"\">...</button> is not clickable at point (493, 973). Other element would receive the click: <div class=\"fresnel-container fresnel-greaterThanOrEqual-tabletP \">...</div>","statusTrace":"Invalid element state [By.xpath: //h3[text()='Лучшие предложения']/ancestor::section//div[@data-meta-name='ProductsCompilation__slide'][.//span[@data-meta-price]][0]/By.xpath: .//button[@data-meta-name='Snippet__cart-button']]: element click intercepted: Element <button class=\"e11203e30 app-catalog-1m0gw4x-Button--StyledButton-Button--Button ekx3zbi0\" data-meta-name=\"Snippet__cart-button\" data-meta-disabled=\"false\" type=\"button\" title=\"\">...</button> is not clickable at point (493, 973). Other element would receive the click: <div class=\"fresnel-container fresnel-greaterThanOrEqual-tabletP \">...</div>\nScreenshot: file:/home/runner/work/IDP_Framework/IDP_Framework/ui-tests/build/allure-results/1761921183139.0.png\nTimeout: 30 s.\nCaused by: ElementClickInterceptedException: element click intercepted: Element <button class=\"e11203e30 app-catalog-1m0gw4x-Button--StyledButton-Button--Button ekx3zbi0\" data-meta-name=\"Snippet__cart-button\" data-meta-disabled=\"false\" type=\"button\" title=\"\">...</button> is not clickable at point (493, 973). Other element would receive the click: <div class=\"fresnel-container fresnel-greaterThanOrEqual-tabletP \">...</div>\n\tat com.codeborne.selenide.impl.ExceptionWrapper.wrap(ExceptionWrapper.java:19)\n\tat com.codeborne.selenide.impl.SelenideElementProxy.dispatchAndRetry(SelenideElementProxy.java:153)\n\tat com.codeborne.selenide.impl.SelenideElementProxy.invoke(SelenideElementProxy.java:83)\n\tat jdk.proxy2/jdk.proxy2.$Proxy21.click(Unknown Source)\n\tat ru.pflb.pages.CitilnkMainPage.addItemOfBestProductInBasket(CitilnkMainPage.java:64)\n\tat ru.pflb.pages.CitilnkMainPage.addProductsInBasketAndGetData(CitilnkMainPage.java:87)\n\tat ru.pflb.tests.BasketPageTests.shouldContainExactlySelectedProducts(BasketPageTests.java:70)\n\tat java.base/jdk.internal.reflect.DirectMethodHandleAccessor.invoke(DirectMethodHandleAccessor.java:103)\n\tat java.base/java.lang.reflect.Method.invoke(Method.java:580)\n\tat org.junit.platform.commons.util.ReflectionUtils.invokeMethod(ReflectionUtils.java:728)\n\tat org.junit.jupiter.engine.execution.MethodInvocation.proceed(MethodInvocation.java:60)\n\tat org.junit.jupiter.engine.execution.InvocationInterceptorChain$ValidatingInvocation.proceed(InvocationInterceptorChain.java:131)\n\tat org.junit.jupiter.engine.extension.TimeoutExtension.intercept(TimeoutExtension.java:156)\n\tat org.junit.jupiter.engine.extension.TimeoutExtension.interceptTestableMethod(TimeoutExtension.java:147)\n\tat org.junit.jupiter.engine.extension.TimeoutExtension.interceptTestTemplateMethod(TimeoutExtension.java:94)\n\tat org.junit.jupiter.engine.execution.InterceptingExecutableInvoker$ReflectiveInterceptorCall.lambda$ofVoidMethod$0(InterceptingExecutableInvoker.java:103)\n\tat org.junit.jupiter.engine.execution.InterceptingExecutableInvoker.lambda$invoke$0(InterceptingExecutableInvoker.java:93)\n\tat org.junit.jupiter.engine.execution.InvocationInterceptorChain$InterceptedInvocation.proceed(InvocationInterceptorChain.java:106)\n\tat org.junit.jupiter.engine.execution.InvocationInterceptorChain.proceed(InvocationInterceptorChain.java:64)\n\tat org.junit.jupiter.engine.execution.InvocationInterceptorChain.chainAndInvoke(InvocationInterceptorChain.java:45)\n\tat org.junit.jupiter.engine.execution.InvocationInterceptorChain.invoke(InvocationInterceptorChain.java:37)\n\tat org.junit.jupiter.engine.execution.InterceptingExecutableInvoker.invoke(InterceptingExecutableInvoker.java:92)\n\tat org.junit.jupiter.engine.execution.InterceptingExecutableInvoker.invoke(InterceptingExecutableInvoker.java:86)\n\tat org.junit.jupiter.engine.descriptor.TestMethodTestDescriptor.lambda$invokeTestMethod$7(TestMethodTestDescriptor.java:218)\n\tat org.junit.platform.engine.support.hierarchical.ThrowableCollector.execute(ThrowableCollector.java:73)\n\tat org.junit.jupiter.engine.descriptor.TestMethodTestDescriptor.invokeTestMethod(TestMethodTestDescriptor.java:214)\n\tat org.junit.jupiter.engine.descriptor.TestMethodTestDescriptor.execute(TestMethodTestDescriptor.java:139)\n\tat org.junit.jupiter.engine.descriptor.TestMethodTestDescriptor.execute(TestMethodTestDescriptor.java:69)\n\tat org.junit.platform.engine.support.hierarchical.NodeTestTask.lambda$executeRecursively$6(NodeTestTask.java:151)\n\tat org.junit.platform.engine.support.hierarchical.ThrowableCollector.execute(ThrowableCollector.java:73)\n\tat org.junit.platform.engine.support.hierarchical.NodeTestTask.lambda$executeRecursively$8(NodeTestTask.java:141)\n\tat org.junit.platform.engine.support.hierarchical.Node.around(Node.java:137)\n\tat org.junit.platform.engine.support.hierarchical.NodeTestTask.lambda$executeRecursively$9(NodeTestTask.java:139)\n\tat org.junit.platform.engine.support.hierarchical.ThrowableCollector.execute(ThrowableCollector.java:73)\n\tat org.junit.platform.engine.support.hierarchical.NodeTestTask.executeRecursively(NodeTestTask.java:138)\n\tat org.junit.platform.engine.support.hierarchical.NodeTestTask.execute(NodeTestTask.java:95)\n\tat org.junit.platform.engine.support.hierarchical.ForkJoinPoolHierarchicalTestExecutorService$ExclusiveTask.compute(ForkJoinPoolHierarchicalTestExecutorService.java:202)\n\tat java.base/java.util.concurrent.RecursiveAction.exec(RecursiveAction.java:194)\n\tat java.base/java.util.concurrent.ForkJoinTask.doExec(ForkJoinTask.java:507)\n\tat java.base/java.util.concurrent.ForkJoinPool$WorkQueue.tryRemoveAndExec(ForkJoinPool.java:1532)\n\tat java.base/java.util.concurrent.ForkJoinPool.helpJoin(ForkJoinPool.java:2267)\n\tat java.base/java.util.concurrent.ForkJoinTask.awaitDone(ForkJoinTask.java:495)\n\tat java.base/java.util.concurrent.ForkJoinTask.get(ForkJoinTask.java:1003)\n\tat org.junit.platform.engine.support.hierarchical.NodeTestTask$DefaultDynamicTestExecutor.awaitFinished(NodeTestTask.java:236)\n\tat org.junit.platform.engine.support.hierarchical.ThrowableCollector.execute(ThrowableCollector.java:73)\n\tat org.junit.platform.engine.support.hierarchical.NodeTestTask.lambda$executeRecursively$6(NodeTestTask.java:158)\n\tat org.junit.platform.engine.support.hierarchical.ThrowableCollector.execute(ThrowableCollector.java:73)\n\tat org.junit.platform.engine.support.hierarchical.NodeTestTask.lambda$executeRecursively$8(NodeTestTask.java:141)\n\tat org.junit.platform.engine.support.hierarchical.Node.around(Node.java:137)\n\tat org.junit.platform.engine.support.hierarchical.NodeTestTask.lambda$executeRecursively$9(NodeTestTask.java:139)\n\tat org.junit.platform.engine.support.hierarchical.ThrowableCollector.execute(ThrowableCollector.java:73)\n\tat org.junit.platform.engine.support.hierarchical.NodeTestTask.executeRecursively(NodeTestTask.java:138)\n\tat org.junit.platform.engine.support.hierarchical.NodeTestTask.execute(NodeTestTask.java:95)\n\tat org.junit.platform.engine.support.hierarchical.ForkJoinPoolHierarchicalTestExecutorService$ExclusiveTask.compute(ForkJoinPoolHierarchicalTestExecutorService.java:202)\n\tat java.base/java.util.concurrent.RecursiveAction.exec(RecursiveAction.java:194)\n\tat java.base/java.util.concurrent.ForkJoinTask.doExec(ForkJoinTask.java:507)\n\tat java.base/java.util.concurrent.ForkJoinPool$WorkQueue.topLevelExec(ForkJoinPool.java:1489)\n\tat java.base/java.util.concurrent.ForkJoinPool.scan(ForkJoinPool.java:2071)\n\tat java.base/java.util.concurrent.ForkJoinPool.runWorker(ForkJoinPool.java:2033)\n\tat java.base/java.util.concurrent.ForkJoinWorkerThread.run(ForkJoinWorkerThread.java:187)\nCaused by: org.openqa.selenium.ElementClickInterceptedException: element click intercepted: Element <button class=\"e11203e30 app-catalog-1m0gw4x-Button--StyledButton-Button--Button ekx3zbi0\" data-meta-name=\"Snippet__cart-button\" data-meta-disabled=\"false\" type=\"button\" title=\"\">...</button> is not clickable at point (493, 973). Other element would receive the click: <div class=\"fresnel-container fresnel-greaterThanOrEqual-tabletP \">...</div>\n  (Session info: chrome=142.0.7444.59)\nBuild info: version: '4.28.0', revision: 'ac342546e9'\nSystem info: os.name: 'Linux', os.arch: 'amd64', os.version: '6.11.0-1018-azure', java.version: '22.0.2'\nDriver info: org.openqa.selenium.chrome.ChromeDriver\nCommand: [b8586fc16465d2faae1ce42bee9a43b7, clickElement {id=f.88E35B665C0B94EADEFF64A0F021CCC1.d.96A9A92A104DED428294F84026137995.e.46}]\nCapabilities {acceptInsecureCerts: true, browserName: chrome, browserVersion: 142.0.7444.59, chrome: {chromedriverVersion: 142.0.7444.59 (4b8153ab58d3..., userDataDir: /tmp/.org.chromium.Chromium...}, fedcm:accounts: true, goog:chromeOptions: {debuggerAddress: localhost:35169}, goog:processID: 3794, networkConnectionEnabled: false, pageLoadStrategy: eager, platformName: linux, proxy: Proxy(), se:cdp: ws://localhost:35169/devtoo..., se:cdpVersion: 142.0.7444.59, setWindowRect: true, strictFileInteractability: false, timeouts: {implicit: 0, pageLoad: 300000, script: 30000}, unhandledPromptBehavior: accept, webauthn:extension:credBlob: true, webauthn:extension:largeBlob: true, webauthn:extension:minPinLength: true, webauthn:extension:prf: true, webauthn:virtualAuthenticators: true}\nElement: [[[[ChromeDriver: chrome on linux (b8586fc16465d2faae1ce42bee9a43b7)] -> xpath: //h3[text()='Лучшие предложения']/ancestor::section//div[@data-meta-name='ProductsCompilation__slide'][.//span[@data-meta-price]]]] -> xpath: .//button[@data-meta-name='Snippet__cart-button']]\nSession ID: b8586fc16465d2faae1ce42bee9a43b7\n\tat java.base/jdk.internal.reflect.DirectConstructorHandleAccessor.newInstance(DirectConstructorHandleAccessor.java:62)\n\tat java.base/java.lang.reflect.Constructor.newInstanceWithCaller(Constructor.java:502)\n\tat java.base/java.lang.reflect.Constructor.newInstance(Constructor.java:486)\n\tat org.openqa.selenium.remote.ErrorCodec.decode(ErrorCodec.java:167)\n\tat org.openqa.selenium.remote.codec.w3c.W3CHttpResponseCodec.decode(W3CHttpResponseCodec.java:138)\n\tat org.openqa.selenium.remote.codec.w3c.W3CHttpResponseCodec.decode(W3CHttpResponseCodec.java:50)\n\tat org.openqa.selenium.remote.HttpCommandExecutor.execute(HttpCommandExecutor.java:215)\n\tat org.openqa.selenium.remote.service.DriverCommandExecutor.invokeExecute(DriverCommandExecutor.java:216)\n\tat org.openqa.selenium.remote.service.DriverCommandExecutor.execute(DriverCommandExecutor.java:174)\n\tat org.openqa.selenium.remote.RemoteWebDriver.execute(RemoteWebDriver.java:545)\n\tat org.openqa.selenium.remote.RemoteWebElement.execute(RemoteWebElement.java:223)\n\tat org.openqa.selenium.remote.RemoteWebElement.click(RemoteWebElement.java:76)\n\tat com.codeborne.selenide.commands.Click.defaultClick(Click.java:94)\n\tat com.codeborne.selenide.commands.Click.doClick(Click.java:72)\n\tat com.codeborne.selenide.commands.Click.click(Click.java:48)\n\tat com.codeborne.selenide.commands.Click.execute(Click.java:28)\n\tat com.codeborne.selenide.FluentCommand.execute(FluentCommand.java:27)\n\tat com.codeborne.selenide.FluentCommand.execute(FluentCommand.java:19)\n\tat com.codeborne.selenide.commands.Commands.execute(Commands.java:160)\n\tat com.codeborne.selenide.impl.SelenideElementProxy.dispatchAndRetry(SelenideElementProxy.java:131)\n\t... 58 more\n","steps":[{"name":"Открываю страницу: https://www.citilink.ru","time":{"start":1761921140860,"stop":1761921145582,"duration":4722},"status":"passed","steps":[],"attachments":[],"parameters":[{"name":"url","value":"https://www.citilink.ru"}],"shouldDisplayMessage":false,"stepsCount":0,"attachmentsCount":0,"hasContent":true},{"name":"Открыта страница с именем: Ситилинк – интернет-магазин техники, электроники, товаров для дома и ремонта","time":{"start":1761921145582,"stop":1761921145688,"duration":106},"status":"passed","steps":[],"attachments":[],"parameters":[{"name":"titleName","value":"Ситилинк – интернет-магазин техники, электроники, товаров для дома и ремонта"}],"shouldDisplayMessage":false,"stepsCount":0,"attachmentsCount":0,"hasContent":true},{"name":"Список элементов 'Товары' не пустой","time":{"start":1761921145699,"stop":1761921145843,"duration":144},"status":"passed","steps":[],"attachments":[],"parameters":[],"shouldDisplayMessage":false,"stepsCount":0,"attachmentsCount":0,"hasContent":false},{"name":"Добавлено 3 товаров в корзину с сохранением данных","time":{"start":1761921145844,"stop":1761921183450,"duration":37606},"status":"failed","statusMessage":"Invalid element state [By.xpath: //h3[text()='Лучшие предложения']/ancestor::section//div[@data-meta-name='ProductsCompilation__slide'][.//span[@data-meta-price]][0]/By.xpath: .//button[@data-meta-name='Snippet__cart-button']]: element click intercepted: Element <button class=\"e11203e30 app-catalog-1m0gw4x-Button--StyledButton-Button--Button ekx3zbi0\" data-meta-name=\"Snippet__cart-button\" data-meta-disabled=\"false\" type=\"button\" title=\"\">...</button> is not clickable at point (493, 973). Other element would receive the click: <div class=\"fresnel-container fresnel-greaterThanOrEqual-tabletP \">...</div>\nScreenshot: file:/home/runner/work/IDP_Framework/IDP_Framework/ui-tests/build/allure-results/1761921183139.0.png\nTimeout: 30 s.\nCaused by: ElementClickInterceptedException: element click intercepted: Element <button class=\"e11203e30 app-catalog-1m0gw4x-Button--StyledButton-Button--Button ekx3zbi0\" data-meta-name=\"Snippet__cart-button\" data-meta-disabled=\"false\" type=\"button\" title=\"\">...</button> is not clickable at point (493, 973). Other element would receive the click: <div class=\"fresnel-container fresnel-greaterThanOrEqual-tabletP \">...</div>","statusTrace":"Invalid element state [By.xpath: //h3[text()='Лучшие предложения']/ancestor::section//div[@data-meta-name='ProductsCompilation__slide'][.//span[@data-meta-price]][0]/By.xpath: .//button[@data-meta-name='Snippet__cart-button']]: element click intercepted: Element <button class=\"e11203e30 app-catalog-1m0gw4x-Button--StyledButton-Button--Button ekx3zbi0\" data-meta-name=\"Snippet__cart-button\" data-meta-disabled=\"false\" type=\"button\" title=\"\">...</button> is not clickable at point (493, 973). Other element would receive the click: <div class=\"fresnel-container fresnel-greaterThanOrEqual-tabletP \">...</div>\nScreenshot: file:/home/runner/work/IDP_Framework/IDP_Framework/ui-tests/build/allure-results/1761921183139.0.png\nTimeout: 30 s.\nCaused by: ElementClickInterceptedException: element click intercepted: Element <button class=\"e11203e30 app-catalog-1m0gw4x-Button--StyledButton-Button--Button ekx3zbi0\" data-meta-name=\"Snippet__cart-button\" data-meta-disabled=\"false\" type=\"button\" title=\"\">...</button> is not clickable at point (493, 973). Other element would receive the click: <div class=\"fresnel-container fresnel-greaterThanOrEqual-tabletP \">...</div>\n\tat com.codeborne.selenide.impl.ExceptionWrapper.wrap(ExceptionWrapper.java:19)\n\tat com.codeborne.selenide.impl.SelenideElementProxy.dispatchAndRetry(SelenideElementProxy.java:153)\n\tat com.codeborne.selenide.impl.SelenideElementProxy.invoke(SelenideElementProxy.java:83)\n\tat jdk.proxy2/jdk.proxy2.$Proxy21.click(Unknown Source)\n\tat ru.pflb.pages.CitilnkMainPage.addItemOfBestProductInBasket(CitilnkMainPage.java:64)\n\tat ru.pflb.pages.CitilnkMainPage.addProductsInBasketAndGetData(CitilnkMainPage.java:87)\n\tat ru.pflb.tests.BasketPageTests.shouldContainExactlySelectedProducts(BasketPageTests.java:70)\n\tat java.base/jdk.internal.reflect.DirectMethodHandleAccessor.invoke(DirectMethodHandleAccessor.java:103)\n\tat java.base/java.lang.reflect.Method.invoke(Method.java:580)\n\tat org.junit.platform.commons.util.ReflectionUtils.invokeMethod(ReflectionUtils.java:728)\n\tat org.junit.jupiter.engine.execution.MethodInvocation.proceed(MethodInvocation.java:60)\n\tat org.junit.jupiter.engine.execution.InvocationInterceptorChain$ValidatingInvocation.proceed(InvocationInterceptorChain.java:131)\n\tat org.junit.jupiter.engine.extension.TimeoutExtension.intercept(TimeoutExtension.java:156)\n\tat org.junit.jupiter.engine.extension.TimeoutExtension.interceptTestableMethod(TimeoutExtension.java:147)\n\tat org.junit.jupiter.engine.extension.TimeoutExtension.interceptTestTemplateMethod(TimeoutExtension.java:94)\n\tat org.junit.jupiter.engine.execution.InterceptingExecutableInvoker$ReflectiveInterceptorCall.lambda$ofVoidMethod$0(InterceptingExecutableInvoker.java:103)\n\tat org.junit.jupiter.engine.execution.InterceptingExecutableInvoker.lambda$invoke$0(InterceptingExecutableInvoker.java:93)\n\tat org.junit.jupiter.engine.execution.InvocationInterceptorChain$InterceptedInvocation.proceed(InvocationInterceptorChain.java:106)\n\tat org.junit.jupiter.engine.execution.InvocationInterceptorChain.proceed(InvocationInterceptorChain.java:64)\n\tat org.junit.jupiter.engine.execution.InvocationInterceptorChain.chainAndInvoke(InvocationInterceptorChain.java:45)\n\tat org.junit.jupiter.engine.execution.InvocationInterceptorChain.invoke(InvocationInterceptorChain.java:37)\n\tat org.junit.jupiter.engine.execution.InterceptingExecutableInvoker.invoke(InterceptingExecutableInvoker.java:92)\n\tat org.junit.jupiter.engine.execution.InterceptingExecutableInvoker.invoke(InterceptingExecutableInvoker.java:86)\n\tat org.junit.jupiter.engine.descriptor.TestMethodTestDescriptor.lambda$invokeTestMethod$7(TestMethodTestDescriptor.java:218)\n\tat org.junit.platform.engine.support.hierarchical.ThrowableCollector.execute(ThrowableCollector.java:73)\n\tat org.junit.jupiter.engine.descriptor.TestMethodTestDescriptor.invokeTestMethod(TestMethodTestDescriptor.java:214)\n\tat org.junit.jupiter.engine.descriptor.TestMethodTestDescriptor.execute(TestMethodTestDescriptor.java:139)\n\tat org.junit.jupiter.engine.descriptor.TestMethodTestDescriptor.execute(TestMethodTestDescriptor.java:69)\n\tat org.junit.platform.engine.support.hierarchical.NodeTestTask.lambda$executeRecursively$6(NodeTestTask.java:151)\n\tat org.junit.platform.engine.support.hierarchical.ThrowableCollector.execute(ThrowableCollector.java:73)\n\tat org.junit.platform.engine.support.hierarchical.NodeTestTask.lambda$executeRecursively$8(NodeTestTask.java:141)\n\tat org.junit.platform.engine.support.hierarchical.Node.around(Node.java:137)\n\tat org.junit.platform.engine.support.hierarchical.NodeTestTask.lambda$executeRecursively$9(NodeTestTask.java:139)\n\tat org.junit.platform.engine.support.hierarchical.ThrowableCollector.execute(ThrowableCollector.java:73)\n\tat org.junit.platform.engine.support.hierarchical.NodeTestTask.executeRecursively(NodeTestTask.java:138)\n\tat org.junit.platform.engine.support.hierarchical.NodeTestTask.execute(NodeTestTask.java:95)\n\tat org.junit.platform.engine.support.hierarchical.ForkJoinPoolHierarchicalTestExecutorService$ExclusiveTask.compute(ForkJoinPoolHierarchicalTestExecutorService.java:202)\n\tat java.base/java.util.concurrent.RecursiveAction.exec(RecursiveAction.java:194)\n\tat java.base/java.util.concurrent.ForkJoinTask.doExec(ForkJoinTask.java:507)\n\tat java.base/java.util.concurrent.ForkJoinPool$WorkQueue.tryRemoveAndExec(ForkJoinPool.java:1532)\n\tat java.base/java.util.concurrent.ForkJoinPool.helpJoin(ForkJoinPool.java:2267)\n\tat java.base/java.util.concurrent.ForkJoinTask.awaitDone(ForkJoinTask.java:495)\n\tat java.base/java.util.concurrent.ForkJoinTask.get(ForkJoinTask.java:1003)\n\tat org.junit.platform.engine.support.hierarchical.NodeTestTask$DefaultDynamicTestExecutor.awaitFinished(NodeTestTask.java:236)\n\tat org.junit.platform.engine.support.hierarchical.ThrowableCollector.execute(ThrowableCollector.java:73)\n\tat org.junit.platform.engine.support.hierarchical.NodeTestTask.lambda$executeRecursively$6(NodeTestTask.java:158)\n\tat org.junit.platform.engine.support.hierarchical.ThrowableCollector.execute(ThrowableCollector.java:73)\n\tat org.junit.platform.engine.support.hierarchical.NodeTestTask.lambda$executeRecursively$8(NodeTestTask.java:141)\n\tat org.junit.platform.engine.support.hierarchical.Node.around(Node.java:137)\n\tat org.junit.platform.engine.support.hierarchical.NodeTestTask.lambda$executeRecursively$9(NodeTestTask.java:139)\n\tat org.junit.platform.engine.support.hierarchical.ThrowableCollector.execute(ThrowableCollector.java:73)\n\tat org.junit.platform.engine.support.hierarchical.NodeTestTask.executeRecursively(NodeTestTask.java:138)\n\tat org.junit.platform.engine.support.hierarchical.NodeTestTask.execute(NodeTestTask.java:95)\n\tat org.junit.platform.engine.support.hierarchical.ForkJoinPoolHierarchicalTestExecutorService$ExclusiveTask.compute(ForkJoinPoolHierarchicalTestExecutorService.java:202)\n\tat java.base/java.util.concurrent.RecursiveAction.exec(RecursiveAction.java:194)\n\tat java.base/java.util.concurrent.ForkJoinTask.doExec(ForkJoinTask.java:507)\n\tat java.base/java.util.concurrent.ForkJoinPool$WorkQueue.topLevelExec(ForkJoinPool.java:1489)\n\tat java.base/java.util.concurrent.ForkJoinPool.scan(ForkJoinPool.java:2071)\n\tat java.base/java.util.concurrent.ForkJoinPool.runWorker(ForkJoinPool.java:2033)\n\tat java.base/java.util.concurrent.ForkJoinWorkerThread.run(ForkJoinWorkerThread.java:187)\nCaused by: org.openqa.selenium.ElementClickInterceptedException: element click intercepted: Element <button class=\"e11203e30 app-catalog-1m0gw4x-Button--StyledButton-Button--Button ekx3zbi0\" data-meta-name=\"Snippet__cart-button\" data-meta-disabled=\"false\" type=\"button\" title=\"\">...</button> is not clickable at point (493, 973). Other element would receive the click: <div class=\"fresnel-container fresnel-greaterThanOrEqual-tabletP \">...</div>\n  (Session info: chrome=142.0.7444.59)\nBuild info: version: '4.28.0', revision: 'ac342546e9'\nSystem info: os.name: 'Linux', os.arch: 'amd64', os.version: '6.11.0-1018-azure', java.version: '22.0.2'\nDriver info: org.openqa.selenium.chrome.ChromeDriver\nCommand: [b8586fc16465d2faae1ce42bee9a43b7, clickElement {id=f.88E35B665C0B94EADEFF64A0F021CCC1.d.96A9A92A104DED428294F84026137995.e.46}]\nCapabilities {acceptInsecureCerts: true, browserName: chrome, browserVersion: 142.0.7444.59, chrome: {chromedriverVersion: 142.0.7444.59 (4b8153ab58d3..., userDataDir: /tmp/.org.chromium.Chromium...}, fedcm:accounts: true, goog:chromeOptions: {debuggerAddress: localhost:35169}, goog:processID: 3794, networkConnectionEnabled: false, pageLoadStrategy: eager, platformName: linux, proxy: Proxy(), se:cdp: ws://localhost:35169/devtoo..., se:cdpVersion: 142.0.7444.59, setWindowRect: true, strictFileInteractability: false, timeouts: {implicit: 0, pageLoad: 300000, script: 30000}, unhandledPromptBehavior: accept, webauthn:extension:credBlob: true, webauthn:extension:largeBlob: true, webauthn:extension:minPinLength: true, webauthn:extension:prf: true, webauthn:virtualAuthenticators: true}\nElement: [[[[ChromeDriver: chrome on linux (b8586fc16465d2faae1ce42bee9a43b7)] -> xpath: //h3[text()='Лучшие предложения']/ancestor::section//div[@data-meta-name='ProductsCompilation__slide'][.//span[@data-meta-price]]]] -> xpath: .//button[@data-meta-name='Snippet__cart-button']]\nSession ID: b8586fc16465d2faae1ce42bee9a43b7\n\tat java.base/jdk.internal.reflect.DirectConstructorHandleAccessor.newInstance(DirectConstructorHandleAccessor.java:62)\n\tat java.base/java.lang.reflect.Constructor.newInstanceWithCaller(Constructor.java:502)\n\tat java.base/java.lang.reflect.Constructor.newInstance(Constructor.java:486)\n\tat org.openqa.selenium.remote.ErrorCodec.decode(ErrorCodec.java:167)\n\tat org.openqa.selenium.remote.codec.w3c.W3CHttpResponseCodec.decode(W3CHttpResponseCodec.java:138)\n\tat org.openqa.selenium.remote.codec.w3c.W3CHttpResponseCodec.decode(W3CHttpResponseCodec.java:50)\n\tat org.openqa.selenium.remote.HttpCommandExecutor.execute(HttpCommandExecutor.java:215)\n\tat org.openqa.selenium.remote.service.DriverCommandExecutor.invokeExecute(DriverCommandExecutor.java:216)\n\tat org.openqa.selenium.remote.service.DriverCommandExecutor.execute(DriverCommandExecutor.java:174)\n\tat org.openqa.selenium.remote.RemoteWebDriver.execute(RemoteWebDriver.java:545)\n\tat org.openqa.selenium.remote.RemoteWebElement.execute(RemoteWebElement.java:223)\n\tat org.openqa.selenium.remote.RemoteWebElement.click(RemoteWebElement.java:76)\n\tat com.codeborne.selenide.commands.Click.defaultClick(Click.java:94)\n\tat com.codeborne.selenide.commands.Click.doClick(Click.java:72)\n\tat com.codeborne.selenide.commands.Click.click(Click.java:48)\n\tat com.codeborne.selenide.commands.Click.execute(Click.java:28)\n\tat com.codeborne.selenide.FluentCommand.execute(FluentCommand.java:27)\n\tat com.codeborne.selenide.FluentCommand.execute(FluentCommand.java:19)\n\tat com.codeborne.selenide.commands.Commands.execute(Commands.java:160)\n\tat com.codeborne.selenide.impl.SelenideElementProxy.dispatchAndRetry(SelenideElementProxy.java:131)\n\t... 58 more\n","steps":[{"name":"Добавлен в корзину товар из списка 'Лучшие предложения' под номером 0","time":{"start":1761921145844,"stop":1761921183450,"duration":37606},"status":"failed","statusMessage":"Invalid element state [By.xpath: //h3[text()='Лучшие предложения']/ancestor::section//div[@data-meta-name='ProductsCompilation__slide'][.//span[@data-meta-price]][0]/By.xpath: .//button[@data-meta-name='Snippet__cart-button']]: element click intercepted: Element <button class=\"e11203e30 app-catalog-1m0gw4x-Button--StyledButton-Button--Button ekx3zbi0\" data-meta-name=\"Snippet__cart-button\" data-meta-disabled=\"false\" type=\"button\" title=\"\">...</button> is not clickable at point (493, 973). Other element would receive the click: <div class=\"fresnel-container fresnel-greaterThanOrEqual-tabletP \">...</div>\nScreenshot: file:/home/runner/work/IDP_Framework/IDP_Framework/ui-tests/build/allure-results/1761921183139.0.png\nTimeout: 30 s.\nCaused by: ElementClickInterceptedException: element click intercepted: Element <button class=\"e11203e30 app-catalog-1m0gw4x-Button--StyledButton-Button--Button ekx3zbi0\" data-meta-name=\"Snippet__cart-button\" data-meta-disabled=\"false\" type=\"button\" title=\"\">...</button> is not clickable at point (493, 973). Other element would receive the click: <div class=\"fresnel-container fresnel-greaterThanOrEqual-tabletP \">...</div>","statusTrace":"Invalid element state [By.xpath: //h3[text()='Лучшие предложения']/ancestor::section//div[@data-meta-name='ProductsCompilation__slide'][.//span[@data-meta-price]][0]/By.xpath: .//button[@data-meta-name='Snippet__cart-button']]: element click intercepted: Element <button class=\"e11203e30 app-catalog-1m0gw4x-Button--StyledButton-Button--Button ekx3zbi0\" data-meta-name=\"Snippet__cart-button\" data-meta-disabled=\"false\" type=\"button\" title=\"\">...</button> is not clickable at point (493, 973). Other element would receive the click: <div class=\"fresnel-container fresnel-greaterThanOrEqual-tabletP \">...</div>\nScreenshot: file:/home/runner/work/IDP_Framework/IDP_Framework/ui-tests/build/allure-results/1761921183139.0.png\nTimeout: 30 s.\nCaused by: ElementClickInterceptedException: element click intercepted: Element <button class=\"e11203e30 app-catalog-1m0gw4x-Button--StyledButton-Button--Button ekx3zbi0\" data-meta-name=\"Snippet__cart-button\" data-meta-disabled=\"false\" type=\"button\" title=\"\">...</button> is not clickable at point (493, 973). Other element would receive the click: <div class=\"fresnel-container fresnel-greaterThanOrEqual-tabletP \">...</div>\n\tat com.codeborne.selenide.impl.ExceptionWrapper.wrap(ExceptionWrapper.java:19)\n\tat com.codeborne.selenide.impl.SelenideElementProxy.dispatchAndRetry(SelenideElementProxy.java:153)\n\tat com.codeborne.selenide.impl.SelenideElementProxy.invoke(SelenideElementProxy.java:83)\n\tat jdk.proxy2/jdk.proxy2.$Proxy21.click(Unknown Source)\n\tat ru.pflb.pages.CitilnkMainPage.addItemOfBestProductInBasket(CitilnkMainPage.java:64)\n\tat ru.pflb.pages.CitilnkMainPage.addProductsInBasketAndGetData(CitilnkMainPage.java:87)\n\tat ru.pflb.tests.BasketPageTests.shouldContainExactlySelectedProducts(BasketPageTests.java:70)\n\tat java.base/jdk.internal.reflect.DirectMethodHandleAccessor.invoke(DirectMethodHandleAccessor.java:103)\n\tat java.base/java.lang.reflect.Method.invoke(Method.java:580)\n\tat org.junit.platform.commons.util.ReflectionUtils.invokeMethod(ReflectionUtils.java:728)\n\tat org.junit.jupiter.engine.execution.MethodInvocation.proceed(MethodInvocation.java:60)\n\tat org.junit.jupiter.engine.execution.InvocationInterceptorChain$ValidatingInvocation.proceed(InvocationInterceptorChain.java:131)\n\tat org.junit.jupiter.engine.extension.TimeoutExtension.intercept(TimeoutExtension.java:156)\n\tat org.junit.jupiter.engine.extension.TimeoutExtension.interceptTestableMethod(TimeoutExtension.java:147)\n\tat org.junit.jupiter.engine.extension.TimeoutExtension.interceptTestTemplateMethod(TimeoutExtension.java:94)\n\tat org.junit.jupiter.engine.execution.InterceptingExecutableInvoker$ReflectiveInterceptorCall.lambda$ofVoidMethod$0(InterceptingExecutableInvoker.java:103)\n\tat org.junit.jupiter.engine.execution.InterceptingExecutableInvoker.lambda$invoke$0(InterceptingExecutableInvoker.java:93)\n\tat org.junit.jupiter.engine.execution.InvocationInterceptorChain$InterceptedInvocation.proceed(InvocationInterceptorChain.java:106)\n\tat org.junit.jupiter.engine.execution.InvocationInterceptorChain.proceed(InvocationInterceptorChain.java:64)\n\tat org.junit.jupiter.engine.execution.InvocationInterceptorChain.chainAndInvoke(InvocationInterceptorChain.java:45)\n\tat org.junit.jupiter.engine.execution.InvocationInterceptorChain.invoke(InvocationInterceptorChain.java:37)\n\tat org.junit.jupiter.engine.execution.InterceptingExecutableInvoker.invoke(InterceptingExecutableInvoker.java:92)\n\tat org.junit.jupiter.engine.execution.InterceptingExecutableInvoker.invoke(InterceptingExecutableInvoker.java:86)\n\tat org.junit.jupiter.engine.descriptor.TestMethodTestDescriptor.lambda$invokeTestMethod$7(TestMethodTestDescriptor.java:218)\n\tat org.junit.platform.engine.support.hierarchical.ThrowableCollector.execute(ThrowableCollector.java:73)\n\tat org.junit.jupiter.engine.descriptor.TestMethodTestDescriptor.invokeTestMethod(TestMethodTestDescriptor.java:214)\n\tat org.junit.jupiter.engine.descriptor.TestMethodTestDescriptor.execute(TestMethodTestDescriptor.java:139)\n\tat org.junit.jupiter.engine.descriptor.TestMethodTestDescriptor.execute(TestMethodTestDescriptor.java:69)\n\tat org.junit.platform.engine.support.hierarchical.NodeTestTask.lambda$executeRecursively$6(NodeTestTask.java:151)\n\tat org.junit.platform.engine.support.hierarchical.ThrowableCollector.execute(ThrowableCollector.java:73)\n\tat org.junit.platform.engine.support.hierarchical.NodeTestTask.lambda$executeRecursively$8(NodeTestTask.java:141)\n\tat org.junit.platform.engine.support.hierarchical.Node.around(Node.java:137)\n\tat org.junit.platform.engine.support.hierarchical.NodeTestTask.lambda$executeRecursively$9(NodeTestTask.java:139)\n\tat org.junit.platform.engine.support.hierarchical.ThrowableCollector.execute(ThrowableCollector.java:73)\n\tat org.junit.platform.engine.support.hierarchical.NodeTestTask.executeRecursively(NodeTestTask.java:138)\n\tat org.junit.platform.engine.support.hierarchical.NodeTestTask.execute(NodeTestTask.java:95)\n\tat org.junit.platform.engine.support.hierarchical.ForkJoinPoolHierarchicalTestExecutorService$ExclusiveTask.compute(ForkJoinPoolHierarchicalTestExecutorService.java:202)\n\tat java.base/java.util.concurrent.RecursiveAction.exec(RecursiveAction.java:194)\n\tat java.base/java.util.concurrent.ForkJoinTask.doExec(ForkJoinTask.java:507)\n\tat java.base/java.util.concurrent.ForkJoinPool$WorkQueue.tryRemoveAndExec(ForkJoinPool.java:1532)\n\tat java.base/java.util.concurrent.ForkJoinPool.helpJoin(ForkJoinPool.java:2267)\n\tat java.base/java.util.concurrent.ForkJoinTask.awaitDone(ForkJoinTask.java:495)\n\tat java.base/java.util.concurrent.ForkJoinTask.get(ForkJoinTask.java:1003)\n\tat org.junit.platform.engine.support.hierarchical.NodeTestTask$DefaultDynamicTestExecutor.awaitFinished(NodeTestTask.java:236)\n\tat org.junit.platform.engine.support.hierarchical.ThrowableCollector.execute(ThrowableCollector.java:73)\n\tat org.junit.platform.engine.support.hierarchical.NodeTestTask.lambda$executeRecursively$6(NodeTestTask.java:158)\n\tat org.junit.platform.engine.support.hierarchical.ThrowableCollector.execute(ThrowableCollector.java:73)\n\tat org.junit.platform.engine.support.hierarchical.NodeTestTask.lambda$executeRecursively$8(NodeTestTask.java:141)\n\tat org.junit.platform.engine.support.hierarchical.Node.around(Node.java:137)\n\tat org.junit.platform.engine.support.hierarchical.NodeTestTask.lambda$executeRecursively$9(NodeTestTask.java:139)\n\tat org.junit.platform.engine.support.hierarchical.ThrowableCollector.execute(ThrowableCollector.java:73)\n\tat org.junit.platform.engine.support.hierarchical.NodeTestTask.executeRecursively(NodeTestTask.java:138)\n\tat org.junit.platform.engine.support.hierarchical.NodeTestTask.execute(NodeTestTask.java:95)\n\tat org.junit.platform.engine.support.hierarchical.ForkJoinPoolHierarchicalTestExecutorService$ExclusiveTask.compute(ForkJoinPoolHierarchicalTestExecutorService.java:202)\n\tat java.base/java.util.concurrent.RecursiveAction.exec(RecursiveAction.java:194)\n\tat java.base/java.util.concurrent.ForkJoinTask.doExec(ForkJoinTask.java:507)\n\tat java.base/java.util.concurrent.ForkJoinPool$WorkQueue.topLevelExec(ForkJoinPool.java:1489)\n\tat java.base/java.util.concurrent.ForkJoinPool.scan(ForkJoinPool.java:2071)\n\tat java.base/java.util.concurrent.ForkJoinPool.runWorker(ForkJoinPool.java:2033)\n\tat java.base/java.util.concurrent.ForkJoinWorkerThread.run(ForkJoinWorkerThread.java:187)\nCaused by: org.openqa.selenium.ElementClickInterceptedException: element click intercepted: Element <button class=\"e11203e30 app-catalog-1m0gw4x-Button--StyledButton-Button--Button ekx3zbi0\" data-meta-name=\"Snippet__cart-button\" data-meta-disabled=\"false\" type=\"button\" title=\"\">...</button> is not clickable at point (493, 973). Other element would receive the click: <div class=\"fresnel-container fresnel-greaterThanOrEqual-tabletP \">...</div>\n  (Session info: chrome=142.0.7444.59)\nBuild info: version: '4.28.0', revision: 'ac342546e9'\nSystem info: os.name: 'Linux', os.arch: 'amd64', os.version: '6.11.0-1018-azure', java.version: '22.0.2'\nDriver info: org.openqa.selenium.chrome.ChromeDriver\nCommand: [b8586fc16465d2faae1ce42bee9a43b7, clickElement {id=f.88E35B665C0B94EADEFF64A0F021CCC1.d.96A9A92A104DED428294F84026137995.e.46}]\nCapabilities {acceptInsecureCerts: true, browserName: chrome, browserVersion: 142.0.7444.59, chrome: {chromedriverVersion: 142.0.7444.59 (4b8153ab58d3..., userDataDir: /tmp/.org.chromium.Chromium...}, fedcm:accounts: true, goog:chromeOptions: {debuggerAddress: localhost:35169}, goog:processID: 3794, networkConnectionEnabled: false, pageLoadStrategy: eager, platformName: linux, proxy: Proxy(), se:cdp: ws://localhost:35169/devtoo..., se:cdpVersion: 142.0.7444.59, setWindowRect: true, strictFileInteractability: false, timeouts: {implicit: 0, pageLoad: 300000, script: 30000}, unhandledPromptBehavior: accept, webauthn:extension:credBlob: true, webauthn:extension:largeBlob: true, webauthn:extension:minPinLength: true, webauthn:extension:prf: true, webauthn:virtualAuthenticators: true}\nElement: [[[[ChromeDriver: chrome on linux (b8586fc16465d2faae1ce42bee9a43b7)] -> xpath: //h3[text()='Лучшие предложения']/ancestor::section//div[@data-meta-name='ProductsCompilation__slide'][.//span[@data-meta-price]]]] -> xpath: .//button[@data-meta-name='Snippet__cart-button']]\nSession ID: b8586fc16465d2faae1ce42bee9a43b7\n\tat java.base/jdk.internal.reflect.DirectConstructorHandleAccessor.newInstance(DirectConstructorHandleAccessor.java:62)\n\tat java.base/java.lang.reflect.Constructor.newInstanceWithCaller(Constructor.java:502)\n\tat java.base/java.lang.reflect.Constructor.newInstance(Constructor.java:486)\n\tat org.openqa.selenium.remote.ErrorCodec.decode(ErrorCodec.java:167)\n\tat org.openqa.selenium.remote.codec.w3c.W3CHttpResponseCodec.decode(W3CHttpResponseCodec.java:138)\n\tat org.openqa.selenium.remote.codec.w3c.W3CHttpResponseCodec.decode(W3CHttpResponseCodec.java:50)\n\tat org.openqa.selenium.remote.HttpCommandExecutor.execute(HttpCommandExecutor.java:215)\n\tat org.openqa.selenium.remote.service.DriverCommandExecutor.invokeExecute(DriverCommandExecutor.java:216)\n\tat org.openqa.selenium.remote.service.DriverCommandExecutor.execute(DriverCommandExecutor.java:174)\n\tat org.openqa.selenium.remote.RemoteWebDriver.execute(RemoteWebDriver.java:545)\n\tat org.openqa.selenium.remote.RemoteWebElement.execute(RemoteWebElement.java:223)\n\tat org.openqa.selenium.remote.RemoteWebElement.click(RemoteWebElement.java:76)\n\tat com.codeborne.selenide.commands.Click.defaultClick(Click.java:94)\n\tat com.codeborne.selenide.commands.Click.doClick(Click.java:72)\n\tat com.codeborne.selenide.commands.Click.click(Click.java:48)\n\tat com.codeborne.selenide.commands.Click.execute(Click.java:28)\n\tat com.codeborne.selenide.FluentCommand.execute(FluentCommand.java:27)\n\tat com.codeborne.selenide.FluentCommand.execute(FluentCommand.java:19)\n\tat com.codeborne.selenide.commands.Commands.execute(Commands.java:160)\n\tat com.codeborne.selenide.impl.SelenideElementProxy.dispatchAndRetry(SelenideElementProxy.java:131)\n\t... 58 more\n","steps":[],"attachments":[],"parameters":[{"name":"index","value":"0"}],"shouldDisplayMessage":true,"stepsCount":0,"attachmentsCount":0,"hasContent":true}],"attachments":[],"parameters":[{"name":"count","value":"3"}],"shouldDisplayMessage":false,"stepsCount":1,"attachmentsCount":0,"hasContent":true}],"attachments":[],"parameters":[],"shouldDisplayMessage":false,"stepsCount":5,"attachmentsCount":0,"hasContent":true},"afterStages":[],"labels":[{"name":"tag","value":"ui"},{"name":"tag","value":"basketPage"},{"name":"junit.platform.uniqueid","value":"[engine:junit-jupiter]/[class:ru.pflb.tests.BasketPageTests]/[test-template:shouldContainExactlySelectedProducts(int)]/[test-template-invocation:#1]"},{"name":"epic","value":"UI тесты"},{"name":"feature","value":"Корзина пользователя"},{"name":"host","value":"runnervmf2e7y"},{"name":"thread","value":"2696@runnervmf2e7y.ForkJoinPool-1-worker-4(29)"},{"name":"framework","value":"junit-platform"},{"name":"language","value":"java"},{"name":"package","value":"ru.pflb.tests.BasketPageTests"},{"name":"testClass","value":"ru.pflb.tests.BasketPageTests"},{"name":"testMethod","value":"shouldContainExactlySelectedProducts"},{"name":"suite","value":"ru.pflb.tests.BasketPageTests"},{"name":"resultFormat","value":"allure2"}],"parameters":[],"links":[],"hidden":false,"retry":false,"extra":{"severity":"normal","retries":[],"categories":[{"name":"Product defects","matchedStatuses":[],"flaky":false}],"history":{"statistic":{"failed":3,"broken":3,"skipped":0,"passed":2,"unknown":0,"total":8},"items":[{"uid":"fae4bda3e95e987b","reportUrl":"https://AdraliK.github.io/IDP_Framework/8//#testresult/fae4bda3e95e987b","status":"passed","time":{"start":1761599041174,"stop":1761599060660,"duration":19486}},{"uid":"117b6d7fbff083f6","reportUrl":"https://AdraliK.github.io/IDP_Framework/7//#testresult/117b6d7fbff083f6","status":"broken","statusDetails":"Could not start a new session. Response code 500. Message: session not created: probably user data directory is already in use, please specify a unique value for --user-data-dir argument, or don't use --user-data-dir \nHost info: host: 'runnervmwhb2z', ip: '10.1.0.53'\nBuild info: version: '4.28.0', revision: 'ac342546e9'\nSystem info: os.name: 'Linux', os.arch: 'amd64', os.version: '6.11.0-1018-azure', java.version: '22.0.2'\nDriver info: org.openqa.selenium.chrome.ChromeDriver\nCommand: [null, newSession {capabilities=[Capabilities {acceptInsecureCerts: true, browserName: chrome, goog:chromeOptions: {args: [--proxy-bypass-list=<-loopb..., --disable-dev-shm-usage, --disable-search-engine-cho..., --unsafely-disable-devtools..., --window-size=1920,1080, --incognito, --disable-gpu, --no-sandbox, --disable-notifications, --remote-allow-origins=*], binary: /usr/bin/google-chrome, excludeSwitches: [enable-automation, load-extension], extensions: [], prefs: {autofill.credit_card_enabled: false, autofill.profile_enabled: false, credentials_enable_service: false, download.default_directory: /home/runner/work/IDP_Frame..., plugins.always_open_pdf_externally: true, profile.default_content_setting_values.automatic_downloads: 1, profile.password_manager_enabled: false, profile.password_manager_leak_detection: false, safebrowsing.enabled: true}}, pageLoadStrategy: none, unhandledPromptBehavior: accept}]}]\nselenide.url: https://www.citilink.ru\nselenide.baseUrl: http://localhost:8080","time":{"start":1761598545756,"stop":1761598545982,"duration":226}},{"uid":"536808d71ec47450","reportUrl":"https://AdraliK.github.io/IDP_Framework/6//#testresult/536808d71ec47450","status":"failed","statusDetails":"Invalid element state [By.xpath: //h3[text()='Лучшие предложения']/ancestor::section//div[@data-meta-name='ProductsCompilation__slide'][.//span[@data-meta-price]][1]/By.xpath: .//button[@data-meta-name='Snippet__cart-button']]: element click intercepted: Element <button class=\"e11203e30 app-catalog-1m0gw4x-Button--StyledButton-Button--Button ekx3zbi0\" data-meta-name=\"Snippet__cart-button\" data-meta-disabled=\"false\" type=\"button\" title=\"\">...</button> is not clickable at point (771, 355). Other element would receive the click: <div class=\"app-catalog-1vbitm3-StyledTitle e1hg4b130\">...</div>\nScreenshot: file:/home/runner/work/IDP_Framework/IDP_Framework/ui-tests/build/allure-results/1761596665412.1.png\nPage source: file:/home/runner/work/IDP_Framework/IDP_Framework/ui-tests/build/allure-results/1761596665412.1.html\nTimeout: 10 s.\nCaused by: ElementClickInterceptedException: element click intercepted: Element <button class=\"e11203e30 app-catalog-1m0gw4x-Button--StyledButton-Button--Button ekx3zbi0\" data-meta-name=\"Snippet__cart-button\" data-meta-disabled=\"false\" type=\"button\" title=\"\">...</button> is not clickable at point (771, 355). Other element would receive the click: <div class=\"app-catalog-1vbitm3-StyledTitle e1hg4b130\">...</div>","time":{"start":1761596644498,"stop":1761596665990,"duration":21492}},{"uid":"245b7762dc50a8bf","reportUrl":"https://AdraliK.github.io/IDP_Framework/5//#testresult/245b7762dc50a8bf","status":"passed","time":{"start":1761595324056,"stop":1761595347662,"duration":23606}},{"uid":"3a27c7722a44c1fa","reportUrl":"https://AdraliK.github.io/IDP_Framework/4//#testresult/3a27c7722a44c1fa","status":"failed","statusDetails":"Invalid element state [By.xpath: //h3[text()='Лучшие предложения']/ancestor::section//div[@data-meta-name='ProductsCompilation__slide'][.//span[@data-meta-price]][0]/By.xpath: .//button[@data-meta-name='Snippet__cart-button']]: element click intercepted: Element <button class=\"e11203e30 app-catalog-1m0gw4x-Button--StyledButton-Button--Button ekx3zbi0\" data-meta-name=\"Snippet__cart-button\" data-meta-disabled=\"false\" type=\"button\" title=\"\">...</button> is not clickable at point (493, 973). Other element would receive the click: <div class=\"fresnel-container fresnel-greaterThanOrEqual-tabletP \">...</div>\nScreenshot: file:/home/runner/work/IDP_Framework/IDP_Framework/ui-tests/build/allure-results/1761593617882.1.png\nPage source: file:/home/runner/work/IDP_Framework/IDP_Framework/ui-tests/build/allure-results/1761593617882.1.html\nTimeout: 10 s.\nCaused by: ElementClickInterceptedException: element click intercepted: Element <button class=\"e11203e30 app-catalog-1m0gw4x-Button--StyledButton-Button--Button ekx3zbi0\" data-meta-name=\"Snippet__cart-button\" data-meta-disabled=\"false\" type=\"button\" title=\"\">...</button> is not clickable at point (493, 973). Other element would receive the click: <div class=\"fresnel-container fresnel-greaterThanOrEqual-tabletP \">...</div>","time":{"start":1761593565778,"stop":1761593619514,"duration":53736}},{"uid":"454e3cdf572a7a11","reportUrl":"https://AdraliK.github.io/IDP_Framework/3//#testresult/454e3cdf572a7a11","status":"broken","statusDetails":"Unable to obtain: chromedriver, error chromedriver must be executable: /home/runner/work/IDP_Framework/IDP_Framework/ui-tests/src/main/resources/drivers/chromedriver_141_lin\nFor documentation on this error, please visit: https://www.selenium.dev/documentation/webdriver/troubleshooting/errors/driver_location/\nBuild info: version: '4.28.0', revision: 'ac342546e9'\nSystem info: os.name: 'Linux', os.arch: 'amd64', os.version: '6.11.0-1018-azure', java.version: '22.0.2'\nDriver info: driver.version: SelenideDriver\nselenide.url: https://www.citilink.ru\nselenide.baseUrl: http://localhost:8080","time":{"start":1761592499449,"stop":1761592499474,"duration":25}},{"uid":"a020a32f516c3102","reportUrl":"https://AdraliK.github.io/IDP_Framework/2//#testresult/a020a32f516c3102","status":"broken","statusDetails":"Unable to obtain: chromedriver, error chromedriver must be executable: /home/runner/work/IDP_Framework/IDP_Framework/ui-tests/src/main/resources/drivers/chromedriver.exe\nFor documentation on this error, please visit: https://www.selenium.dev/documentation/webdriver/troubleshooting/errors/driver_location/\nBuild info: version: '4.28.0', revision: 'ac342546e9'\nSystem info: os.name: 'Linux', os.arch: 'amd64', os.version: '6.11.0-1018-azure', java.version: '22.0.2'\nDriver info: driver.version: SelenideDriver\nselenide.url: https://www.citilink.ru\nselenide.baseUrl: http://localhost:8080","time":{"start":1761589868702,"stop":1761589868714,"duration":12}}]},"tags":["ui","basketPage"]},"source":"d46e319059690d1f.json","parameterValues":[]}